
============================================================
  SEO CHECKER - Search Engine Optimization Audit
============================================================
Project: D:\antigravity\xtage
Time: 2026-03-10 00:43:10
------------------------------------------------------------
Found 50 page files to analyze

============================================================
SEO ANALYSIS RESULTS
============================================================

Issue Summary:
  [4] Missing Open Graph tags
  [3] Missing meta description
  [2] Missing <title> tag
  [2] Multiple H1 tags (2)

Affected files (6):
  - studio-layout-wrapper.tsx
  - layout.tsx
  - page.tsx
  - page.tsx
  - page.tsx
  ... and 1 more

{
  "script": "seo_checker",
  "project": "D:\\antigravity\\xtage",
  "files_checked": 50,
  "files_with_issues": 6,
  "issues_found": 11,
  "passed": false
}
