
[UX AUDIT] 94 files checked
--------------------------------------------------
[!] ISSUES (13):
  - [Cognitive Load] layout.tsx: Form inputs without labels. Use <label> for accessibility and clarity.
  - [Hick's Law] page.tsx: 17 nav items (Max 7)
  - [Cognitive Load] page.tsx: Form inputs without labels. Use <label> for accessibility and clarity.
  - [Cognitive Load] page.tsx: Form inputs without labels. Use <label> for accessibility and clarity.
  - [Cognitive Load] page.tsx: Form inputs without labels. Use <label> for accessibility and clarity.
  - [Cognitive Load] page.tsx: Form inputs without labels. Use <label> for accessibility and clarity.
  - [Color] page.tsx: PURPLE DETECTED ('purple'). Banned by Maestro rules. Use Teal/Cyan/Emerald instead.
  - [Cognitive Load] page.tsx: Form inputs without labels. Use <label> for accessibility and clarity.
  - [Cognitive Load] page.tsx: Form inputs without labels. Use <label> for accessibility and clarity.
  - [Cognitive Load] page.tsx: Form inputs without labels. Use <label> for accessibility and clarity.
[*] WARNINGS (685):
  - [Von Restorff] offline.html: No primary CTA
  - [Reflective] offline.html: Long-form content without brand story/values. Add 'About' or 'Why We Exist' section.
  - [Trust] offline.html: No social proof detected. Consider adding testimonials, ratings, or 'Trusted by' logos.
  - [Trust] offline.html: Footer lacks authority signals. Add certifications, awards, or media mentions.
  - [Typography] offline.html: No line length constraint (45-75ch). Use max-w-prose or max-w-[65ch].
  - [Typography] offline.html: Heading has line-height 1.7 (>1.3). Headings should be tighter (1.1-1.3).
  - [Performance] offline.html: Animating expensive properties (margin, bottom, right, padding, height, width). Use transform/opacity where possible.
  - [Accessibility] offline.html: Animations found without prefers-reduced-motion check
  - [Color] offline.html: Pure black (#000000) detected. Use #1a1a1a or darker grays for better dark mode.
  - [Reflective] error.tsx: Long-form content without brand story/values. Add 'About' or 'Why We Exist' section.
  - [Trust] error.tsx: No social proof detected. Consider adding testimonials, ratings, or 'Trusted by' logos.
  - [Typography] error.tsx: No line length constraint (45-75ch). Use max-w-prose or max-w-[65ch].
  - [Typography] error.tsx: Fixed font sizes without clamp(). Consider fluid typography: clamp(MIN, PREFERRED, MAX)
  - [Visual] error.tsx: Flat design with no depth. Consider shadows or subtle gradients for hierarchy.
  - [Performance] globals.css: Animating expensive properties (width). Use transform/opacity where possible.
[+] PASSED CHECKS: 58
STATUS: FAIL
